<?xml version="1.0" encoding="UTF-8"?>
<!-- Generated by org.testng.reporters.JUnitXMLReporter -->
<testsuite ignored="10" hostname="GeethaMounika" failures="0" tests="8" name="Test" time="133.295" errors="0" timestamp="2025-03-26T01:17:28 IST">
  <testcase classname="testcases.SearchAndAddToCartTest" name="@AfterTest closeBrowser" time="2.037">
    <failure type="org.openqa.selenium.NoSuchSessionException" message="Session ID is null. Using WebDriver after calling quit()?
Build info: version: &amp;apos;4.30.0&amp;apos;, revision: &amp;apos;509c7f17cc*&amp;apos;
System info: os.name: &amp;apos;Windows 11&amp;apos;, os.arch: &amp;apos;amd64&amp;apos;, os.version: &amp;apos;10.0&amp;apos;, java.version: &amp;apos;17.0.10&amp;apos;
Driver info: org.openqa.selenium.chrome.ChromeDriver
Command: [null, close {}]
Capabilities {acceptInsecureCerts: false, browserName: chrome, browserVersion: 134.0.6998.118, chrome: {chromedriverVersion: 134.0.6998.165 (fd886e2cb29..., userDataDir: C:\Users\geeth\AppData\Loca...}, fedcm:accounts: true, goog:chromeOptions: {debuggerAddress: localhost:61504}, networkConnectionEnabled: false, pageLoadStrategy: normal, platformName: windows, proxy: Proxy(), se:cdp: ws://localhost:61504/devtoo..., se:cdpVersion: 134.0.6998.118, setWindowRect: true, strictFileInteractability: false, timeouts: {implicit: 0, pageLoad: 300000, script: 30000}, unhandledPromptBehavior: dismiss and notify, webauthn:extension:credBlob: true, webauthn:extension:largeBlob: true, webauthn:extension:minPinLength: true, webauthn:extension:prf: true, webauthn:virtualAuthenticators: true}">
      <![CDATA[org.openqa.selenium.NoSuchSessionException: Session ID is null. Using WebDriver after calling quit()?
Build info: version: '4.30.0', revision: '509c7f17cc*'
System info: os.name: 'Windows 11', os.arch: 'amd64', os.version: '10.0', java.version: '17.0.10'
Driver info: org.openqa.selenium.chrome.ChromeDriver
Command: [null, close {}]
Capabilities {acceptInsecureCerts: false, browserName: chrome, browserVersion: 134.0.6998.118, chrome: {chromedriverVersion: 134.0.6998.165 (fd886e2cb29..., userDataDir: C:\Users\geeth\AppData\Loca...}, fedcm:accounts: true, goog:chromeOptions: {debuggerAddress: localhost:61504}, networkConnectionEnabled: false, pageLoadStrategy: normal, platformName: windows, proxy: Proxy(), se:cdp: ws://localhost:61504/devtoo..., se:cdpVersion: 134.0.6998.118, setWindowRect: true, strictFileInteractability: false, timeouts: {implicit: 0, pageLoad: 300000, script: 30000}, unhandledPromptBehavior: dismiss and notify, webauthn:extension:credBlob: true, webauthn:extension:largeBlob: true, webauthn:extension:minPinLength: true, webauthn:extension:prf: true, webauthn:virtualAuthenticators: true}
at org.openqa.selenium.remote.HttpCommandExecutor.execute(HttpCommandExecutor.java:176)
at org.openqa.selenium.remote.service.DriverCommandExecutor.invokeExecute(DriverCommandExecutor.java:216)
at org.openqa.selenium.remote.service.DriverCommandExecutor.execute(DriverCommandExecutor.java:174)
at org.openqa.selenium.remote.RemoteWebDriver.execute(RemoteWebDriver.java:545)
at org.openqa.selenium.remote.RemoteWebDriver.execute(RemoteWebDriver.java:618)
at org.openqa.selenium.remote.RemoteWebDriver.execute(RemoteWebDriver.java:622)
at org.openqa.selenium.remote.RemoteWebDriver.close(RemoteWebDriver.java:418)
at testcases.SearchAndAddToCartTest.closeBrowser(SearchAndAddToCartTest.java:74)
... Removed 28 stack frames]]>
    </failure>
  </testcase> <!-- @AfterTest closeBrowser -->
  <testcase classname="testcases.RegisterTest" name="testRegisterPage" time="10.678"/>
  <testcase classname="testcases.LoginPageTest" name="loginTest" time="7.934"/>
  <testcase classname="io.cucumber.testng.AbstractTestNGCucumberTests" name="runScenario" time="10.038"/>
  <testcase classname="testcases.SearchAndAddToCartTest" name="testSearchAndAddToCart" time="10.239"/>
  <testcase classname="testcases.AddToCartJewelryTest" name="purchaseJewelry" time="15.252"/>
  <testcase classname="testcases.CheckOutPageTest" name="checkOutTest" time="38.198"/>
  <testcase classname="io.cucumber.testng.AbstractTestNGCucumberTests" name="runScenario" time="18.133"/>
  <testcase classname="testcases.LogoutWithValidLogin" name="logoutTest" time="8.752"/>
  <testcase classname="base.BaseClass" name="@BeforeSuite clearAllureResults" time="0.0">
    <ignored/>
  </testcase> <!-- @BeforeSuite clearAllureResults -->
  <testcase classname="base.BaseClass" name="@BeforeSuite clearAllureResults" time="0.0">
    <ignored/>
  </testcase> <!-- @BeforeSuite clearAllureResults -->
  <testcase classname="base.BaseClass" name="@BeforeSuite clearAllureResults" time="0.0">
    <ignored/>
  </testcase> <!-- @BeforeSuite clearAllureResults -->
  <testcase classname="base.BaseClass" name="@BeforeSuite clearAllureResults" time="0.0">
    <ignored/>
  </testcase> <!-- @BeforeSuite clearAllureResults -->
  <testcase classname="base.BaseClass" name="@BeforeSuite clearAllureResults" time="0.0">
    <ignored/>
  </testcase> <!-- @BeforeSuite clearAllureResults -->
  <testcase classname="base.BaseClass" name="@AfterSuite generateAllureReport" time="0.0">
    <ignored/>
  </testcase> <!-- @AfterSuite generateAllureReport -->
  <testcase classname="base.BaseClass" name="@AfterSuite generateAllureReport" time="0.0">
    <ignored/>
  </testcase> <!-- @AfterSuite generateAllureReport -->
  <testcase classname="base.BaseClass" name="@AfterSuite generateAllureReport" time="0.0">
    <ignored/>
  </testcase> <!-- @AfterSuite generateAllureReport -->
  <testcase classname="base.BaseClass" name="@AfterSuite generateAllureReport" time="0.0">
    <ignored/>
  </testcase> <!-- @AfterSuite generateAllureReport -->
  <testcase classname="base.BaseClass" name="@AfterSuite generateAllureReport" time="0.0">
    <ignored/>
  </testcase> <!-- @AfterSuite generateAllureReport -->
</testsuite> <!-- Test -->
